<?xml version="1.0" encoding="UTF-8"?>
<!-- Generated by org.testng.reporters.JUnitReportReporter -->
<testsuite skipped="0" hostname="MYSON" name="test.LoginTest" tests="1" failures="0" timestamp="20 set 2018 19:22:43 GMT" time="19.466" errors="0">
  <testcase name="successfulLogin" time="19.466" classname="test.LoginTest"/>
</testsuite> <!-- test.LoginTest -->
